================================================================================
Rule No. 9 : 4B.1E: Minimum area of ME1 region 0.1024 sq.um

Real Error Count : 2; Flat Error Count : 2
================================================================================

--------------------------------------------------------------------------------
Cell Name : 2mux layout pixel

                   Cell Errors    Real Errors   Cell Placements     Environments
                             2              2                 1                1
--------------------------------------------------------------------------------
Env.  Env. Placements            X1           Y1          X2           Y2

  1        1                  4.310       -5.070       6.670       -4.790

Shape               Environments Status & Error Marker 

          1           X1         Y1         X2         Y2

   1      X        4.310     -5.070      4.590     -4.790
   2      X        6.390     -5.070      6.670     -4.790

================================================================================
Rule No. 30 : 4B.7E: Minimum area of ME4 region 0.1024 sq.um

Real Error Count : 1; Flat Error Count : 1
================================================================================

--------------------------------------------------------------------------------
Cell Name : 2mux layout pixel

                   Cell Errors    Real Errors   Cell Placements     Environments
                             1              1                 1                1
--------------------------------------------------------------------------------
Env.  Env. Placements            X1           Y1          X2           Y2

  1        1                  5.850       -5.550       6.050       -5.350

Shape               Environments Status & Error Marker 

          1           X1         Y1         X2         Y2

   1      X        5.850     -5.550      6.050     -5.350

