================================================================================
Rule No. 9 : 4B.1E: Minimum area of ME1 region 0.1024 sq.um

Real Error Count : 42; Flat Error Count : 42
================================================================================

--------------------------------------------------------------------------------
Cell Name : counter_full_PT layout pixel

                   Cell Errors    Real Errors   Cell Placements     Environments
                            42             42                 1                1
--------------------------------------------------------------------------------
Env.  Env. Placements            X1           Y1          X2           Y2

  1        1                  9.250      -21.630      24.790        1.450

Shape               Environments Status & Error Marker 

          1           X1         Y1         X2         Y2

   1      X        9.250    -19.530      9.530    -19.250
   2      X        9.250    -18.490      9.530    -18.210
   3      X        9.250    -14.970      9.530    -14.690
   4      X        9.250    -13.930      9.530    -13.650
   5      X        9.250    -10.410      9.530    -10.130
   6      X        9.250     -9.370      9.530     -9.090
   7      X        9.250     -5.850      9.530     -5.570
   8      X        9.250     -4.810      9.530     -4.530
   9      X        9.250     -1.290      9.530     -1.010
  10      X        9.250     -0.250      9.530      0.030
  11      X        9.890    -19.530     10.170    -19.250
  12      X        9.890    -14.970     10.170    -14.690
  13      X        9.890    -10.410     10.170    -10.130
  14      X        9.890     -5.850     10.170     -5.570
  15      X        9.890     -1.290     10.170     -1.010
  16      X       12.290    -21.630     12.570    -21.350
  17      X       12.290    -19.350     12.570    -19.070
  18      X       12.290    -17.070     12.570    -16.790
  19      X       12.290    -14.790     12.570    -14.510
  20      X       12.290    -12.510     12.570    -12.230
  21      X       12.290    -10.230     12.570     -9.950
  22      X       12.290     -7.950     12.570     -7.670
  23      X       12.290     -5.670     12.570     -5.390
  24      X       12.290     -3.390     12.570     -3.110
  25      X       12.290     -1.110     12.570     -0.830
  26      X       12.290      1.170     12.570      1.450
  27      X       17.403     -5.410     17.683     -5.130
  28      X       17.915    -20.260     18.195    -19.980
  29      X       17.915    -18.260     18.195    -17.980
  30      X       18.435    -20.260     18.715    -19.980
  31      X       18.435    -18.260     18.715    -17.980
  32      X       20.010     -5.410     20.290     -5.130
  33      X       20.175    -20.200     20.455    -19.920
  34      X       20.175    -18.320     20.455    -18.040
  35      X       20.695    -20.200     20.975    -19.920
  36      X       20.695    -18.320     20.975    -18.040
  37      X       21.903     -2.810     22.183     -2.530
  38      X       22.575    -20.200     22.855    -19.920
  39      X       22.575    -18.380     22.855    -18.100
  40      X       23.095    -20.200     23.375    -19.920
  41      X       23.095    -18.380     23.375    -18.100
  42      X       24.510     -2.810     24.790     -2.530

================================================================================
Rule No. 37 : 4B.9E: Minimum area of ME5 region 0.1024 sq.um

Real Error Count : 49; Flat Error Count : 49
================================================================================

--------------------------------------------------------------------------------
Cell Name : counter_full_PT layout pixel

                   Cell Errors    Real Errors   Cell Placements     Environments
                            49             49                 1                1
--------------------------------------------------------------------------------
Env.  Env. Placements            X1           Y1          X2           Y2

  1        1                  1.250      -22.910      21.525        2.850

Shape               Environments Status & Error Marker 

          1           X1         Y1         X2         Y2

   1      X        1.250    -21.415      1.450    -21.215
   2      X        1.250    -16.855      1.450    -16.655
   3      X        1.250    -12.295      1.450    -12.095
   4      X        1.250     -7.735      1.450     -7.535
   5      X        1.250     -3.175      1.450     -2.975
   6      X        1.250      1.385      1.450      1.585
   7      X        1.590    -20.150      1.790    -19.950
   8      X        1.590    -15.590      1.790    -15.390
   9      X        1.590    -11.030      1.790    -10.830
  10      X        1.590     -6.470      1.790     -6.270
  11      X        1.590     -1.910      1.790     -1.710
  12      X        1.590      2.650      1.790      2.850
  13      X        4.830    -22.910      5.030    -22.710
  14      X        4.830    -20.630      5.030    -20.430
  15      X        4.830    -18.350      5.030    -18.150
  16      X        4.830    -16.070      5.030    -15.870
  17      X        4.830    -13.790      5.030    -13.590
  18      X        4.830    -11.510      5.030    -11.310
  19      X        4.830     -9.230      5.030     -9.030
  20      X        4.830     -6.950      5.030     -6.750
  21      X        4.830     -4.670      5.030     -4.470
  22      X        4.830     -2.390      5.030     -2.190
  23      X        4.830     -0.110      5.030      0.090
  24      X        4.830      2.170      5.030      2.370
  25      X        8.410    -18.330      8.610    -18.130
  26      X        8.410    -13.770      8.610    -13.570
  27      X        8.410     -9.210      8.610     -9.010
  28      X        8.410     -4.650      8.610     -4.450
  29      X        8.410     -0.090      8.610      0.110
  30      X       10.775    -22.105     10.975    -21.905
  31      X       10.775    -17.545     10.975    -17.345
  32      X       10.775    -12.985     10.975    -12.785
  33      X       10.775     -8.425     10.975     -8.225
  34      X       10.775     -3.865     10.975     -3.665
  35      X       10.775      0.695     10.975      0.895
  36      X       11.860    -17.090     12.060    -16.890
  37      X       11.860    -12.530     12.060    -12.330
  38      X       11.860     -7.970     12.060     -7.770
  39      X       11.860     -3.410     12.060     -3.210
  40      X       11.860      1.150     12.060      1.350
  41      X       12.825    -22.095     13.025    -21.895
  42      X       12.825    -17.535     13.025    -17.335
  43      X       12.825    -12.975     13.025    -12.775
  44      X       12.825     -8.415     13.025     -8.215
  45      X       12.825     -3.855     13.025     -3.655
  46      X       12.825      0.705     13.025      0.905
  47      X       21.155     -8.480     21.355     -8.280
  48      X       21.325    -14.845     21.525    -14.645
  49      X       21.325    -11.445     21.525    -11.245

