================================================================================
Rule No. 125 : 4A.21M: Maximum NPLUS diffusion to nearest P+ pick-up spacing is 20um

Real Error Count : 1; Flat Error Count : 1
================================================================================

--------------------------------------------------------------------------------
Cell Name : DCinv_Reversed layout pixel

                   Cell Errors    Real Errors   Cell Placements     Environments
                             1              1                 1                1
--------------------------------------------------------------------------------
Env.  Env. Placements            X1           Y1          X2           Y2

  1        1                 -1.480       -0.180      -0.600        0.100

Shape               Environments Status & Error Marker 

          1           X1         Y1         X2         Y2

   1      X       -1.480     -0.180     -0.600      0.100

================================================================================
Rule No. 140 : 4A.22M: Maximum P+ DIFF to nearest N+ pick-up spacing is 20um

Real Error Count : 1; Flat Error Count : 1
================================================================================

--------------------------------------------------------------------------------
Cell Name : DCinv_Reversed layout pixel

                   Cell Errors    Real Errors   Cell Placements     Environments
                             1              1                 1                1
--------------------------------------------------------------------------------
Env.  Env. Placements            X1           Y1          X2           Y2

  1        1                 -1.480        0.720      -0.600        1.000

Shape               Environments Status & Error Marker 

          1           X1         Y1         X2         Y2

   1      X       -1.480      0.720     -0.600      1.000

