================================================================================
Rule No. 9 : 4B.1E: Minimum area of ME1 region 0.1024 sq.um

Real Error Count : 8; Flat Error Count : 8
================================================================================

--------------------------------------------------------------------------------
Cell Name : delay_chain layout pixel

                   Cell Errors    Real Errors   Cell Placements     Environments
                             8              8                 1                1
--------------------------------------------------------------------------------
Env.  Env. Placements            X1           Y1          X2           Y2

  1        1                  1.400       -3.545      15.260       -2.340

Shape               Environments Status & Error Marker 

          1           X1         Y1         X2         Y2

   1      X        1.400     -3.540      1.680     -3.260
   2      X        1.440     -2.660      1.720     -2.340
   3      X        3.100     -3.540      3.380     -3.260
   4      X        3.140     -2.660      3.420     -2.340
   5      X       14.380     -2.625     14.660     -2.345
   6      X       14.525     -3.085     14.805     -2.805
   7      X       14.980     -3.545     15.260     -3.265
   8      X       14.980     -2.625     15.260     -2.345

