================================================================================
Rule No. 95 : 4A.19D.a1_4A.19D.c1_4A.19D.c2.1: Minimum poly1 spacing is 0.2um.

Real Error Count : 1; Flat Error Count : 1
================================================================================

--------------------------------------------------------------------------------
Cell Name : dff-standalone layout_compact pixel

                   Cell Errors    Real Errors   Cell Placements     Environments
                             1              1                 1                1
--------------------------------------------------------------------------------
Env.  Env. Placements            X1           Y1          X2           Y2

  1        1                  5.670      -13.030       5.990      -13.010

Shape               Environments Status & Error Marker 

          1           X1         Y1         X2         Y2

   1      X        5.670    -13.030      5.990    -13.010

================================================================================
Rule No. 125 : 4A.21M: Maximum NPLUS diffusion to nearest P+ pick-up spacing is 20um

Real Error Count : 3; Flat Error Count : 3
================================================================================

--------------------------------------------------------------------------------
Cell Name : dff-standalone layout_compact pixel

                   Cell Errors    Real Errors   Cell Placements     Environments
                             3              3                 1                1
--------------------------------------------------------------------------------
Env.  Env. Placements            X1           Y1          X2           Y2

  1        1                 -0.730      -14.530       6.750      -14.250

Shape               Environments Status & Error Marker 

          1           X1         Y1         X2         Y2

   1      X       -0.730    -14.530      0.590    -14.250
   2      X        0.790    -14.530      2.110    -14.250
   3      X        2.310    -14.530      6.750    -14.250

================================================================================
Rule No. 140 : 4A.22M: Maximum P+ DIFF to nearest N+ pick-up spacing is 20um

Real Error Count : 3; Flat Error Count : 3
================================================================================

--------------------------------------------------------------------------------
Cell Name : dff-standalone layout_compact pixel

                   Cell Errors    Real Errors   Cell Placements     Environments
                             3              3                 1                1
--------------------------------------------------------------------------------
Env.  Env. Placements            X1           Y1          X2           Y2

  1        1                 -0.730      -13.490       6.750      -13.210

Shape               Environments Status & Error Marker 

          1           X1         Y1         X2         Y2

   1      X       -0.730    -13.490      0.590    -13.210
   2      X        0.790    -13.490      2.110    -13.210
   3      X        2.310    -13.490      6.750    -13.210

