================================================================================
Rule No. 9 : 4B.1E: Minimum area of ME1 region 0.1024 sq.um

Real Error Count : 1; Flat Error Count : 1
================================================================================

--------------------------------------------------------------------------------
Cell Name : dff-standalone_PT layout pixel

                   Cell Errors    Real Errors   Cell Placements     Environments
                             1              1                 1                1
--------------------------------------------------------------------------------
Env.  Env. Placements            X1           Y1          X2           Y2

  1        1                  0.740       -2.760       1.020       -2.480

Shape               Environments Status & Error Marker 

          1           X1         Y1         X2         Y2

   1      X        0.740     -2.760      1.020     -2.480

================================================================================
Rule No. 37 : 4B.9E: Minimum area of ME5 region 0.1024 sq.um

Real Error Count : 3; Flat Error Count : 3
================================================================================

--------------------------------------------------------------------------------
Cell Name : dff-standalone_PT layout pixel

                   Cell Errors    Real Errors   Cell Placements     Environments
                             3              3                 1                1
--------------------------------------------------------------------------------
Env.  Env. Placements            X1           Y1          X2           Y2

  1        1                  1.060       -3.220       4.480       -1.560

Shape               Environments Status & Error Marker 

          1           X1         Y1         X2         Y2

   1      X        1.060     -3.220      1.260     -3.020
   2      X        3.820     -2.720      4.020     -2.520
   3      X        4.280     -1.760      4.480     -1.560

