================================================================================
Rule No. 12 : 4A.1I:Minimum DIFFUSION/isolation area 0.1024 sq.um

Real Error Count : 14; Flat Error Count : 14
================================================================================

--------------------------------------------------------------------------------
Cell Name : dff layout pixel

                   Cell Errors    Real Errors   Cell Placements     Environments
                            14             14                 1                1
--------------------------------------------------------------------------------
Env.  Env. Placements            X1           Y1          X2           Y2

  1        1                  5.880      -13.330      15.900       -8.110

Shape               Environments Status & Error Marker 

          1           X1         Y1         X2         Y2

   1      X        5.880    -13.330      6.040    -13.170
   2      X        9.370     -9.480      9.530     -9.320
   3      X       10.190     -8.460     10.350     -8.300
   4      X       10.550     -9.200     10.710     -9.040
   5      X       10.860     -8.270     11.020     -8.110
   6      X       11.190     -9.200     11.350     -9.040
   7      X       11.390     -8.360     11.550     -8.200
   8      X       11.570     -9.550     11.730     -9.390
   9      X       12.000     -8.300     12.160     -8.140
  10      X       12.160     -9.200     12.320     -9.040
  11      X       12.570     -8.600     12.730     -8.440
  12      X       13.110     -8.880     13.270     -8.720
  13      X       14.400     -9.030     14.560     -8.870
  14      X       15.740     -9.200     15.900     -9.040

================================================================================
Rule No. 95 : 4A.19D.a1_4A.19D.c1_4A.19D.c2.1: Minimum poly1 spacing is 0.2um.

Real Error Count : 1; Flat Error Count : 1
================================================================================

--------------------------------------------------------------------------------
Cell Name : dff layout pixel

                   Cell Errors    Real Errors   Cell Placements     Environments
                             1              1                 1                1
--------------------------------------------------------------------------------
Env.  Env. Placements            X1           Y1          X2           Y2

  1        1                  6.729      -13.640       7.080      -13.580

Shape               Environments Status & Error Marker 

          1           X1         Y1         X2         Y2

   1      X        6.729    -13.640      7.080    -13.580

================================================================================
Rule No. 125 : 4A.21M: Maximum NPLUS diffusion to nearest P+ pick-up spacing is 20um

Real Error Count : 8; Flat Error Count : 8
================================================================================

--------------------------------------------------------------------------------
Cell Name : dff layout pixel

                   Cell Errors    Real Errors   Cell Placements     Environments
                             8              8                 1                1
--------------------------------------------------------------------------------
Env.  Env. Placements            X1           Y1          X2           Y2

  1        1                  6.600      -13.260      15.940      -12.140

Shape               Environments Status & Error Marker 

          1           X1         Y1         X2         Y2

   1      X        6.600    -13.260      7.400    -12.980
   2      X        6.600    -12.420      8.440    -12.140
   3      X        7.600    -13.260     11.000    -12.980
   4      X        8.640    -12.420      9.440    -12.140
   5      X        9.640    -12.420     10.960    -12.140
   6      X       11.160    -12.420     13.000    -12.140
   7      X       11.200    -13.260     12.520    -12.980
   8      X       13.200    -12.420     15.940    -12.140

================================================================================
Rule No. 140 : 4A.22M: Maximum P+ DIFF to nearest N+ pick-up spacing is 20um

Real Error Count : 9; Flat Error Count : 9
================================================================================

--------------------------------------------------------------------------------
Cell Name : dff layout pixel

                   Cell Errors    Real Errors   Cell Placements     Environments
                             9              9                 1                1
--------------------------------------------------------------------------------
Env.  Env. Placements            X1           Y1          X2           Y2

  1        1                  6.600      -14.140      16.440      -11.260

Shape               Environments Status & Error Marker 

          1           X1         Y1         X2         Y2

   1      X        6.600    -14.140      7.400    -13.860
   2      X        6.600    -11.540      8.440    -11.260
   3      X        7.600    -14.140     11.000    -13.860
   4      X        8.640    -11.540      9.440    -11.260
   5      X        9.640    -11.540     10.960    -11.260
   6      X       11.160    -11.540     13.000    -11.260
   7      X       11.200    -14.140     12.520    -13.860
   8      X       13.200    -11.540     15.420    -11.260
   9      X       15.640    -11.540     16.440    -11.260

