================================================================================
Rule No. 9 : 4B.1E: Minimum area of ME1 region 0.1024 sq.um

Real Error Count : 1; Flat Error Count : 1
================================================================================

--------------------------------------------------------------------------------
Cell Name : dff_PT_even layout pixel

                   Cell Errors    Real Errors   Cell Placements     Environments
                             1              1                 1                1
--------------------------------------------------------------------------------
Env.  Env. Placements            X1           Y1          X2           Y2

  1        1                 11.820        0.810      12.100        1.090

Shape               Environments Status & Error Marker 

          1           X1         Y1         X2         Y2

   1      X       11.820      0.810     12.100      1.090

================================================================================
Rule No. 37 : 4B.9E: Minimum area of ME5 region 0.1024 sq.um

Real Error Count : 6; Flat Error Count : 6
================================================================================

--------------------------------------------------------------------------------
Cell Name : dff_PT_even layout pixel

                   Cell Errors    Real Errors   Cell Placements     Environments
                             6              6                 1                1
--------------------------------------------------------------------------------
Env.  Env. Placements            X1           Y1          X2           Y2

  1        1                  0.780        0.335      12.555        2.490

Shape               Environments Status & Error Marker 

          1           X1         Y1         X2         Y2

   1      X        0.780      1.025      0.980      1.225
   2      X        1.120      2.290      1.320      2.490
   3      X        4.200      2.275      4.400      2.475
   4      X       10.305      0.335     10.505      0.535
   5      X       11.390      0.790     11.590      0.990
   6      X       12.355      0.345     12.555      0.545

