================================================================================
Rule No. 9 : 4B.1E: Minimum area of ME1 region 0.1024 sq.um

Real Error Count : 2; Flat Error Count : 2
================================================================================

--------------------------------------------------------------------------------
Cell Name : dff_PT_odd layout pixel

                   Cell Errors    Real Errors   Cell Placements     Environments
                             2              2                 1                1
--------------------------------------------------------------------------------
Env.  Env. Placements            X1           Y1          X2           Y2

  1        1                  9.320      -20.840      12.000      -20.380

Shape               Environments Status & Error Marker 

          1           X1         Y1         X2         Y2

   1      X        9.320    -20.840      9.600    -20.560
   2      X       11.720    -20.660     12.000    -20.380

================================================================================
Rule No. 30 : 4B.7E: Minimum area of ME4 region 0.1024 sq.um

Real Error Count : 1; Flat Error Count : 1
================================================================================

--------------------------------------------------------------------------------
Cell Name : dff_PT_odd layout pixel

                   Cell Errors    Real Errors   Cell Placements     Environments
                             1              1                 1                1
--------------------------------------------------------------------------------
Env.  Env. Placements            X1           Y1          X2           Y2

  1        1                  8.730      -19.720       8.930      -19.520

Shape               Environments Status & Error Marker 

          1           X1         Y1         X2         Y2

   1      X        8.730    -19.720      8.930    -19.520

================================================================================
Rule No. 37 : 4B.9E: Minimum area of ME5 region 0.1024 sq.um

Real Error Count : 2; Flat Error Count : 2
================================================================================

--------------------------------------------------------------------------------
Cell Name : dff_PT_odd layout pixel

                   Cell Errors    Real Errors   Cell Placements     Environments
                             2              2                 1                1
--------------------------------------------------------------------------------
Env.  Env. Placements            X1           Y1          X2           Y2

  1        1                  4.260      -19.660       8.040      -19.440

Shape               Environments Status & Error Marker 

          1           X1         Y1         X2         Y2

   1      X        4.260    -19.660      4.460    -19.460
   2      X        7.840    -19.640      8.040    -19.440

