================================================================================
Rule No. 5 : PSUB_StampErrorFloat

Real Error Count : 2; Flat Error Count : 2
================================================================================

--------------------------------------------------------------------------------
Cell Name : reset_cc layout pixel

                   Cell Errors    Real Errors   Cell Placements     Environments
                             2              2                 1                1
--------------------------------------------------------------------------------
Env.  Env. Placements            X1           Y1          X2           Y2

  1        1                  0.560        1.430       2.960        5.700

Shape               Environments Status & Error Marker 

          1           X1         Y1         X2         Y2

   1      X        0.560      1.430      2.960      1.880
   2      X        0.560      5.480      2.960      5.700

================================================================================
Rule No. 8 : wel_StampErrorFloat

Real Error Count : 1; Flat Error Count : 1
================================================================================

--------------------------------------------------------------------------------
Cell Name : reset_cc layout pixel

                   Cell Errors    Real Errors   Cell Placements     Environments
                             1              1                 1                1
--------------------------------------------------------------------------------
Env.  Env. Placements            X1           Y1          X2           Y2

  1        1                  0.560        1.880       2.960        5.480

Shape               Environments Status & Error Marker 

          1           X1         Y1         X2         Y2

   1      X        0.560      1.880      2.960      5.480

================================================================================
Rule No. 14 : PSUB_P_StampErrorFloat

Real Error Count : 2; Flat Error Count : 2
================================================================================

--------------------------------------------------------------------------------
Cell Name : reset_cc layout pixel

                   Cell Errors    Real Errors   Cell Placements     Environments
                             2              2                 1                1
--------------------------------------------------------------------------------
Env.  Env. Placements            X1           Y1          X2           Y2

  1        1                  0.560        1.430       2.960        5.700

Shape               Environments Status & Error Marker 

          1           X1         Y1         X2         Y2

   1      X        0.560      1.430      2.960      1.880
   2      X        0.560      5.480      2.960      5.700

